---------------------------------------------------------------
[ 2018-12-22T13:53:41+08:00 ] 127.0.0.1 GET www.tp.com/index.php/index/register/vue
[运行时间：1.104583s] [吞吐率：0.91req/s] [内存消耗：2,204.44kb] [文件加载：40]
[ info ] [ LANG ] F:\four\wamp64\www\tp5\thinkphp\lang\zh-cn.php
[ info ] [ ROUTE ] array (
  'type' => 'module',
  'module' => 
  array (
    0 => 'index',
    1 => 'register',
    2 => 'vue',
  ),
)
[ info ] [ HEADER ] array (
  'host' => 'www.tp.com',
  'connection' => 'keep-alive',
  'upgrade-insecure-requests' => '1',
  'user-agent' => 'Mozilla/5.0 (Windows NT 10.0; WOW64) AppleWebKit/537.36 (KHTML, like Gecko) Chrome/66.0.3359.181 Safari/537.36',
  'accept' => 'text/html,application/xhtml+xml,application/xml;q=0.9,image/webp,image/apng,*/*;q=0.8',
  'accept-encoding' => 'gzip, deflate',
  'accept-language' => 'zh-CN,zh;q=0.9',
  'cookie' => 'pgv_pvi=2604082176',
)
[ info ] [ PARAM ] array (
)
[ info ] [ RUN ] app\index\controller\register->vue[ F:\four\wamp64\www\tp5\application\index\controller\Register.php ]
[ info ] [ VIEW ] F:\four\wamp64\www\tp5\public/../application/index\view\register\vue.html [ array (
) ]
[ info ] [ LOG ] INIT File
---------------------------------------------------------------
[ 2018-12-22T13:54:02+08:00 ] 127.0.0.1 GET www.tp.com/index.php/index/register/vue
[运行时间：0.048110s] [吞吐率：20.79req/s] [内存消耗：2,204.45kb] [文件加载：40]
[ info ] [ LANG ] F:\four\wamp64\www\tp5\thinkphp\lang\zh-cn.php
[ info ] [ ROUTE ] array (
  'type' => 'module',
  'module' => 
  array (
    0 => 'index',
    1 => 'register',
    2 => 'vue',
  ),
)
[ info ] [ HEADER ] array (
  'host' => 'www.tp.com',
  'connection' => 'keep-alive',
  'upgrade-insecure-requests' => '1',
  'user-agent' => 'Mozilla/5.0 (Windows NT 10.0; WOW64) AppleWebKit/537.36 (KHTML, like Gecko) Chrome/66.0.3359.181 Safari/537.36',
  'accept' => 'text/html,application/xhtml+xml,application/xml;q=0.9,image/webp,image/apng,*/*;q=0.8',
  'accept-encoding' => 'gzip, deflate',
  'accept-language' => 'zh-CN,zh;q=0.9',
  'cookie' => 'pgv_pvi=2604082176',
)
[ info ] [ PARAM ] array (
)
[ info ] [ RUN ] app\index\controller\register->vue[ F:\four\wamp64\www\tp5\application\index\controller\Register.php ]
[ info ] [ VIEW ] F:\four\wamp64\www\tp5\public/../application/index\view\register\vue.html [ array (
) ]
[ info ] [ LOG ] INIT File
---------------------------------------------------------------
[ 2018-12-22T14:19:08+08:00 ] 127.0.0.1 GET www.tp.com/index.php/index/register/vue
[运行时间：0.319498s] [吞吐率：3.13req/s] [内存消耗：2,426.00kb] [文件加载：42]
[ info ] [ LANG ] F:\four\wamp64\www\tp5\thinkphp\lang\zh-cn.php
[ info ] [ ROUTE ] array (
  'type' => 'module',
  'module' => 
  array (
    0 => 'index',
    1 => 'register',
    2 => 'vue',
  ),
)
[ info ] [ HEADER ] array (
  'host' => 'www.tp.com',
  'connection' => 'keep-alive',
  'cache-control' => 'max-age=0',
  'upgrade-insecure-requests' => '1',
  'user-agent' => 'Mozilla/5.0 (Windows NT 10.0; WOW64) AppleWebKit/537.36 (KHTML, like Gecko) Chrome/66.0.3359.181 Safari/537.36',
  'accept' => 'text/html,application/xhtml+xml,application/xml;q=0.9,image/webp,image/apng,*/*;q=0.8',
  'accept-encoding' => 'gzip, deflate',
  'accept-language' => 'zh-CN,zh;q=0.9',
  'cookie' => 'pgv_pvi=2604082176',
)
[ info ] [ PARAM ] array (
)
[ info ] [ RUN ] app\index\controller\register->vue[ F:\four\wamp64\www\tp5\application\index\controller\Register.php ]
[ info ] [ VIEW ] F:\four\wamp64\www\tp5\public/../application/index\view\register\vue.html [ array (
) ]
[ info ] [ LOG ] INIT File
---------------------------------------------------------------
[ 2018-12-22T14:19:10+08:00 ] 127.0.0.1 GET www.tp.com/index.php/index/register/vue
[运行时间：0.035957s] [吞吐率：27.81req/s] [内存消耗：2,205.34kb] [文件加载：40]
[ info ] [ LANG ] F:\four\wamp64\www\tp5\thinkphp\lang\zh-cn.php
[ info ] [ ROUTE ] array (
  'type' => 'module',
  'module' => 
  array (
    0 => 'index',
    1 => 'register',
    2 => 'vue',
  ),
)
[ info ] [ HEADER ] array (
  'host' => 'www.tp.com',
  'connection' => 'keep-alive',
  'cache-control' => 'max-age=0',
  'upgrade-insecure-requests' => '1',
  'user-agent' => 'Mozilla/5.0 (Windows NT 10.0; WOW64) AppleWebKit/537.36 (KHTML, like Gecko) Chrome/66.0.3359.181 Safari/537.36',
  'accept' => 'text/html,application/xhtml+xml,application/xml;q=0.9,image/webp,image/apng,*/*;q=0.8',
  'accept-encoding' => 'gzip, deflate',
  'accept-language' => 'zh-CN,zh;q=0.9',
  'cookie' => 'pgv_pvi=2604082176',
)
[ info ] [ PARAM ] array (
)
[ info ] [ RUN ] app\index\controller\register->vue[ F:\four\wamp64\www\tp5\application\index\controller\Register.php ]
[ info ] [ VIEW ] F:\four\wamp64\www\tp5\public/../application/index\view\register\vue.html [ array (
) ]
[ info ] [ LOG ] INIT File
---------------------------------------------------------------
[ 2018-12-22T14:19:10+08:00 ] 127.0.0.1 GET www.tp.com/index.php/index/register/vue
[运行时间：0.034546s] [吞吐率：28.95req/s] [内存消耗：2,205.34kb] [文件加载：40]
[ info ] [ LANG ] F:\four\wamp64\www\tp5\thinkphp\lang\zh-cn.php
[ info ] [ ROUTE ] array (
  'type' => 'module',
  'module' => 
  array (
    0 => 'index',
    1 => 'register',
    2 => 'vue',
  ),
)
[ info ] [ HEADER ] array (
  'host' => 'www.tp.com',
  'connection' => 'keep-alive',
  'cache-control' => 'max-age=0',
  'upgrade-insecure-requests' => '1',
  'user-agent' => 'Mozilla/5.0 (Windows NT 10.0; WOW64) AppleWebKit/537.36 (KHTML, like Gecko) Chrome/66.0.3359.181 Safari/537.36',
  'accept' => 'text/html,application/xhtml+xml,application/xml;q=0.9,image/webp,image/apng,*/*;q=0.8',
  'accept-encoding' => 'gzip, deflate',
  'accept-language' => 'zh-CN,zh;q=0.9',
  'cookie' => 'pgv_pvi=2604082176',
)
[ info ] [ PARAM ] array (
)
[ info ] [ RUN ] app\index\controller\register->vue[ F:\four\wamp64\www\tp5\application\index\controller\Register.php ]
[ info ] [ VIEW ] F:\four\wamp64\www\tp5\public/../application/index\view\register\vue.html [ array (
) ]
[ info ] [ LOG ] INIT File
---------------------------------------------------------------
[ 2018-12-22T14:19:10+08:00 ] 127.0.0.1 GET www.tp.com/index.php/index/register/vue
[运行时间：0.037136s] [吞吐率：26.93req/s] [内存消耗：2,205.34kb] [文件加载：40]
[ info ] [ LANG ] F:\four\wamp64\www\tp5\thinkphp\lang\zh-cn.php
[ info ] [ ROUTE ] array (
  'type' => 'module',
  'module' => 
  array (
    0 => 'index',
    1 => 'register',
    2 => 'vue',
  ),
)
[ info ] [ HEADER ] array (
  'host' => 'www.tp.com',
  'connection' => 'keep-alive',
  'cache-control' => 'max-age=0',
  'upgrade-insecure-requests' => '1',
  'user-agent' => 'Mozilla/5.0 (Windows NT 10.0; WOW64) AppleWebKit/537.36 (KHTML, like Gecko) Chrome/66.0.3359.181 Safari/537.36',
  'accept' => 'text/html,application/xhtml+xml,application/xml;q=0.9,image/webp,image/apng,*/*;q=0.8',
  'accept-encoding' => 'gzip, deflate',
  'accept-language' => 'zh-CN,zh;q=0.9',
  'cookie' => 'pgv_pvi=2604082176',
)
[ info ] [ PARAM ] array (
)
[ info ] [ RUN ] app\index\controller\register->vue[ F:\four\wamp64\www\tp5\application\index\controller\Register.php ]
[ info ] [ VIEW ] F:\four\wamp64\www\tp5\public/../application/index\view\register\vue.html [ array (
) ]
[ info ] [ LOG ] INIT File
---------------------------------------------------------------
[ 2018-12-22T14:19:10+08:00 ] 127.0.0.1 GET www.tp.com/index.php/index/register/vue
[运行时间：0.037181s] [吞吐率：26.90req/s] [内存消耗：2,205.34kb] [文件加载：40]
[ info ] [ LANG ] F:\four\wamp64\www\tp5\thinkphp\lang\zh-cn.php
[ info ] [ ROUTE ] array (
  'type' => 'module',
  'module' => 
  array (
    0 => 'index',
    1 => 'register',
    2 => 'vue',
  ),
)
[ info ] [ HEADER ] array (
  'host' => 'www.tp.com',
  'connection' => 'keep-alive',
  'cache-control' => 'max-age=0',
  'upgrade-insecure-requests' => '1',
  'user-agent' => 'Mozilla/5.0 (Windows NT 10.0; WOW64) AppleWebKit/537.36 (KHTML, like Gecko) Chrome/66.0.3359.181 Safari/537.36',
  'accept' => 'text/html,application/xhtml+xml,application/xml;q=0.9,image/webp,image/apng,*/*;q=0.8',
  'accept-encoding' => 'gzip, deflate',
  'accept-language' => 'zh-CN,zh;q=0.9',
  'cookie' => 'pgv_pvi=2604082176',
)
[ info ] [ PARAM ] array (
)
[ info ] [ RUN ] app\index\controller\register->vue[ F:\four\wamp64\www\tp5\application\index\controller\Register.php ]
[ info ] [ VIEW ] F:\four\wamp64\www\tp5\public/../application/index\view\register\vue.html [ array (
) ]
[ info ] [ LOG ] INIT File
---------------------------------------------------------------
[ 2018-12-22T14:20:28+08:00 ] 127.0.0.1 GET www.tp.com/index.php/index/register/vue
[运行时间：0.037658s] [吞吐率：26.55req/s] [内存消耗：2,426.00kb] [文件加载：42]
[ info ] [ LANG ] F:\four\wamp64\www\tp5\thinkphp\lang\zh-cn.php
[ info ] [ ROUTE ] array (
  'type' => 'module',
  'module' => 
  array (
    0 => 'index',
    1 => 'register',
    2 => 'vue',
  ),
)
[ info ] [ HEADER ] array (
  'host' => 'www.tp.com',
  'connection' => 'keep-alive',
  'cache-control' => 'max-age=0',
  'upgrade-insecure-requests' => '1',
  'user-agent' => 'Mozilla/5.0 (Windows NT 10.0; WOW64) AppleWebKit/537.36 (KHTML, like Gecko) Chrome/66.0.3359.181 Safari/537.36',
  'accept' => 'text/html,application/xhtml+xml,application/xml;q=0.9,image/webp,image/apng,*/*;q=0.8',
  'accept-encoding' => 'gzip, deflate',
  'accept-language' => 'zh-CN,zh;q=0.9',
  'cookie' => 'pgv_pvi=2604082176',
)
[ info ] [ PARAM ] array (
)
[ info ] [ RUN ] app\index\controller\register->vue[ F:\four\wamp64\www\tp5\application\index\controller\Register.php ]
[ info ] [ VIEW ] F:\four\wamp64\www\tp5\public/../application/index\view\register\vue.html [ array (
) ]
[ info ] [ LOG ] INIT File
---------------------------------------------------------------
[ 2018-12-22T14:20:32+08:00 ] 127.0.0.1 GET www.tp.com/index.php/index/register/vue
[运行时间：0.032213s] [吞吐率：31.04req/s] [内存消耗：2,205.34kb] [文件加载：40]
[ info ] [ LANG ] F:\four\wamp64\www\tp5\thinkphp\lang\zh-cn.php
[ info ] [ ROUTE ] array (
  'type' => 'module',
  'module' => 
  array (
    0 => 'index',
    1 => 'register',
    2 => 'vue',
  ),
)
[ info ] [ HEADER ] array (
  'host' => 'www.tp.com',
  'connection' => 'keep-alive',
  'cache-control' => 'max-age=0',
  'upgrade-insecure-requests' => '1',
  'user-agent' => 'Mozilla/5.0 (Windows NT 10.0; WOW64) AppleWebKit/537.36 (KHTML, like Gecko) Chrome/66.0.3359.181 Safari/537.36',
  'accept' => 'text/html,application/xhtml+xml,application/xml;q=0.9,image/webp,image/apng,*/*;q=0.8',
  'accept-encoding' => 'gzip, deflate',
  'accept-language' => 'zh-CN,zh;q=0.9',
  'cookie' => 'pgv_pvi=2604082176',
)
[ info ] [ PARAM ] array (
)
[ info ] [ RUN ] app\index\controller\register->vue[ F:\four\wamp64\www\tp5\application\index\controller\Register.php ]
[ info ] [ VIEW ] F:\four\wamp64\www\tp5\public/../application/index\view\register\vue.html [ array (
) ]
[ info ] [ LOG ] INIT File
---------------------------------------------------------------
[ 2018-12-22T14:20:55+08:00 ] 127.0.0.1 GET www.tp.com/index.php/index/register/vue
[运行时间：0.034579s] [吞吐率：28.92req/s] [内存消耗：2,426.00kb] [文件加载：42]
[ info ] [ LANG ] F:\four\wamp64\www\tp5\thinkphp\lang\zh-cn.php
[ info ] [ ROUTE ] array (
  'type' => 'module',
  'module' => 
  array (
    0 => 'index',
    1 => 'register',
    2 => 'vue',
  ),
)
[ info ] [ HEADER ] array (
  'host' => 'www.tp.com',
  'connection' => 'keep-alive',
  'cache-control' => 'max-age=0',
  'upgrade-insecure-requests' => '1',
  'user-agent' => 'Mozilla/5.0 (Windows NT 10.0; WOW64) AppleWebKit/537.36 (KHTML, like Gecko) Chrome/66.0.3359.181 Safari/537.36',
  'accept' => 'text/html,application/xhtml+xml,application/xml;q=0.9,image/webp,image/apng,*/*;q=0.8',
  'accept-encoding' => 'gzip, deflate',
  'accept-language' => 'zh-CN,zh;q=0.9',
  'cookie' => 'pgv_pvi=2604082176',
)
[ info ] [ PARAM ] array (
)
[ info ] [ RUN ] app\index\controller\register->vue[ F:\four\wamp64\www\tp5\application\index\controller\Register.php ]
[ info ] [ VIEW ] F:\four\wamp64\www\tp5\public/../application/index\view\register\vue.html [ array (
) ]
[ info ] [ LOG ] INIT File
---------------------------------------------------------------
[ 2018-12-22T14:20:56+08:00 ] 127.0.0.1 GET www.tp.com/index.php/index/register/vue
[运行时间：0.032402s] [吞吐率：30.86req/s] [内存消耗：2,205.34kb] [文件加载：40]
[ info ] [ LANG ] F:\four\wamp64\www\tp5\thinkphp\lang\zh-cn.php
[ info ] [ ROUTE ] array (
  'type' => 'module',
  'module' => 
  array (
    0 => 'index',
    1 => 'register',
    2 => 'vue',
  ),
)
[ info ] [ HEADER ] array (
  'host' => 'www.tp.com',
  'connection' => 'keep-alive',
  'cache-control' => 'max-age=0',
  'upgrade-insecure-requests' => '1',
  'user-agent' => 'Mozilla/5.0 (Windows NT 10.0; WOW64) AppleWebKit/537.36 (KHTML, like Gecko) Chrome/66.0.3359.181 Safari/537.36',
  'accept' => 'text/html,application/xhtml+xml,application/xml;q=0.9,image/webp,image/apng,*/*;q=0.8',
  'accept-encoding' => 'gzip, deflate',
  'accept-language' => 'zh-CN,zh;q=0.9',
  'cookie' => 'pgv_pvi=2604082176',
)
[ info ] [ PARAM ] array (
)
[ info ] [ RUN ] app\index\controller\register->vue[ F:\four\wamp64\www\tp5\application\index\controller\Register.php ]
[ info ] [ VIEW ] F:\four\wamp64\www\tp5\public/../application/index\view\register\vue.html [ array (
) ]
[ info ] [ LOG ] INIT File
---------------------------------------------------------------
[ 2018-12-22T14:21:25+08:00 ] 127.0.0.1 GET www.tp.com/index.php/index/register/vue
[运行时间：0.034391s] [吞吐率：29.08req/s] [内存消耗：2,205.34kb] [文件加载：40]
[ info ] [ LANG ] F:\four\wamp64\www\tp5\thinkphp\lang\zh-cn.php
[ info ] [ ROUTE ] array (
  'type' => 'module',
  'module' => 
  array (
    0 => 'index',
    1 => 'register',
    2 => 'vue',
  ),
)
[ info ] [ HEADER ] array (
  'host' => 'www.tp.com',
  'connection' => 'keep-alive',
  'cache-control' => 'max-age=0',
  'upgrade-insecure-requests' => '1',
  'user-agent' => 'Mozilla/5.0 (Windows NT 10.0; WOW64) AppleWebKit/537.36 (KHTML, like Gecko) Chrome/66.0.3359.181 Safari/537.36',
  'accept' => 'text/html,application/xhtml+xml,application/xml;q=0.9,image/webp,image/apng,*/*;q=0.8',
  'accept-encoding' => 'gzip, deflate',
  'accept-language' => 'zh-CN,zh;q=0.9',
  'cookie' => 'pgv_pvi=2604082176',
)
[ info ] [ PARAM ] array (
)
[ info ] [ RUN ] app\index\controller\register->vue[ F:\four\wamp64\www\tp5\application\index\controller\Register.php ]
[ info ] [ VIEW ] F:\four\wamp64\www\tp5\public/../application/index\view\register\vue.html [ array (
) ]
[ info ] [ LOG ] INIT File
---------------------------------------------------------------
[ 2018-12-22T14:21:26+08:00 ] 127.0.0.1 GET www.tp.com/index.php/index/register/vue
[运行时间：0.039028s] [吞吐率：25.62req/s] [内存消耗：2,426.00kb] [文件加载：42]
[ info ] [ LANG ] F:\four\wamp64\www\tp5\thinkphp\lang\zh-cn.php
[ info ] [ ROUTE ] array (
  'type' => 'module',
  'module' => 
  array (
    0 => 'index',
    1 => 'register',
    2 => 'vue',
  ),
)
[ info ] [ HEADER ] array (
  'host' => 'www.tp.com',
  'connection' => 'keep-alive',
  'cache-control' => 'max-age=0',
  'upgrade-insecure-requests' => '1',
  'user-agent' => 'Mozilla/5.0 (Windows NT 10.0; WOW64) AppleWebKit/537.36 (KHTML, like Gecko) Chrome/66.0.3359.181 Safari/537.36',
  'accept' => 'text/html,application/xhtml+xml,application/xml;q=0.9,image/webp,image/apng,*/*;q=0.8',
  'accept-encoding' => 'gzip, deflate',
  'accept-language' => 'zh-CN,zh;q=0.9',
  'cookie' => 'pgv_pvi=2604082176',
)
[ info ] [ PARAM ] array (
)
[ info ] [ RUN ] app\index\controller\register->vue[ F:\four\wamp64\www\tp5\application\index\controller\Register.php ]
[ info ] [ VIEW ] F:\four\wamp64\www\tp5\public/../application/index\view\register\vue.html [ array (
) ]
[ info ] [ LOG ] INIT File
---------------------------------------------------------------
[ 2018-12-22T14:21:26+08:00 ] 127.0.0.1 GET www.tp.com/index.php/index/register/vue
[运行时间：0.033154s] [吞吐率：30.16req/s] [内存消耗：2,205.34kb] [文件加载：40]
[ info ] [ LANG ] F:\four\wamp64\www\tp5\thinkphp\lang\zh-cn.php
[ info ] [ ROUTE ] array (
  'type' => 'module',
  'module' => 
  array (
    0 => 'index',
    1 => 'register',
    2 => 'vue',
  ),
)
[ info ] [ HEADER ] array (
  'host' => 'www.tp.com',
  'connection' => 'keep-alive',
  'cache-control' => 'max-age=0',
  'upgrade-insecure-requests' => '1',
  'user-agent' => 'Mozilla/5.0 (Windows NT 10.0; WOW64) AppleWebKit/537.36 (KHTML, like Gecko) Chrome/66.0.3359.181 Safari/537.36',
  'accept' => 'text/html,application/xhtml+xml,application/xml;q=0.9,image/webp,image/apng,*/*;q=0.8',
  'accept-encoding' => 'gzip, deflate',
  'accept-language' => 'zh-CN,zh;q=0.9',
  'cookie' => 'pgv_pvi=2604082176',
)
[ info ] [ PARAM ] array (
)
[ info ] [ RUN ] app\index\controller\register->vue[ F:\four\wamp64\www\tp5\application\index\controller\Register.php ]
[ info ] [ VIEW ] F:\four\wamp64\www\tp5\public/../application/index\view\register\vue.html [ array (
) ]
[ info ] [ LOG ] INIT File
---------------------------------------------------------------
[ 2018-12-22T14:21:27+08:00 ] 127.0.0.1 GET www.tp.com/index.php/index/register/vue
[运行时间：0.035371s] [吞吐率：28.27req/s] [内存消耗：2,205.34kb] [文件加载：40]
[ info ] [ LANG ] F:\four\wamp64\www\tp5\thinkphp\lang\zh-cn.php
[ info ] [ ROUTE ] array (
  'type' => 'module',
  'module' => 
  array (
    0 => 'index',
    1 => 'register',
    2 => 'vue',
  ),
)
[ info ] [ HEADER ] array (
  'host' => 'www.tp.com',
  'connection' => 'keep-alive',
  'cache-control' => 'max-age=0',
  'upgrade-insecure-requests' => '1',
  'user-agent' => 'Mozilla/5.0 (Windows NT 10.0; WOW64) AppleWebKit/537.36 (KHTML, like Gecko) Chrome/66.0.3359.181 Safari/537.36',
  'accept' => 'text/html,application/xhtml+xml,application/xml;q=0.9,image/webp,image/apng,*/*;q=0.8',
  'accept-encoding' => 'gzip, deflate',
  'accept-language' => 'zh-CN,zh;q=0.9',
  'cookie' => 'pgv_pvi=2604082176',
)
[ info ] [ PARAM ] array (
)
[ info ] [ RUN ] app\index\controller\register->vue[ F:\four\wamp64\www\tp5\application\index\controller\Register.php ]
[ info ] [ VIEW ] F:\four\wamp64\www\tp5\public/../application/index\view\register\vue.html [ array (
) ]
[ info ] [ LOG ] INIT File
---------------------------------------------------------------
[ 2018-12-22T14:21:27+08:00 ] 127.0.0.1 GET www.tp.com/index.php/index/register/vue
[运行时间：0.039563s] [吞吐率：25.28req/s] [内存消耗：2,205.34kb] [文件加载：40]
[ info ] [ LANG ] F:\four\wamp64\www\tp5\thinkphp\lang\zh-cn.php
[ info ] [ ROUTE ] array (
  'type' => 'module',
  'module' => 
  array (
    0 => 'index',
    1 => 'register',
    2 => 'vue',
  ),
)
[ info ] [ HEADER ] array (
  'host' => 'www.tp.com',
  'connection' => 'keep-alive',
  'cache-control' => 'max-age=0',
  'upgrade-insecure-requests' => '1',
  'user-agent' => 'Mozilla/5.0 (Windows NT 10.0; WOW64) AppleWebKit/537.36 (KHTML, like Gecko) Chrome/66.0.3359.181 Safari/537.36',
  'accept' => 'text/html,application/xhtml+xml,application/xml;q=0.9,image/webp,image/apng,*/*;q=0.8',
  'accept-encoding' => 'gzip, deflate',
  'accept-language' => 'zh-CN,zh;q=0.9',
  'cookie' => 'pgv_pvi=2604082176',
)
[ info ] [ PARAM ] array (
)
[ info ] [ RUN ] app\index\controller\register->vue[ F:\four\wamp64\www\tp5\application\index\controller\Register.php ]
[ info ] [ VIEW ] F:\four\wamp64\www\tp5\public/../application/index\view\register\vue.html [ array (
) ]
[ info ] [ LOG ] INIT File
---------------------------------------------------------------
[ 2018-12-22T14:21:37+08:00 ] 127.0.0.1 GET www.tp.com/index.php/index/register/vue
[运行时间：0.036216s] [吞吐率：27.61req/s] [内存消耗：2,205.34kb] [文件加载：40]
[ info ] [ LANG ] F:\four\wamp64\www\tp5\thinkphp\lang\zh-cn.php
[ info ] [ ROUTE ] array (
  'type' => 'module',
  'module' => 
  array (
    0 => 'index',
    1 => 'register',
    2 => 'vue',
  ),
)
[ info ] [ HEADER ] array (
  'host' => 'www.tp.com',
  'connection' => 'keep-alive',
  'cache-control' => 'max-age=0',
  'upgrade-insecure-requests' => '1',
  'user-agent' => 'Mozilla/5.0 (Windows NT 10.0; WOW64) AppleWebKit/537.36 (KHTML, like Gecko) Chrome/66.0.3359.181 Safari/537.36',
  'accept' => 'text/html,application/xhtml+xml,application/xml;q=0.9,image/webp,image/apng,*/*;q=0.8',
  'accept-encoding' => 'gzip, deflate',
  'accept-language' => 'zh-CN,zh;q=0.9',
  'cookie' => 'pgv_pvi=2604082176',
)
[ info ] [ PARAM ] array (
)
[ info ] [ RUN ] app\index\controller\register->vue[ F:\four\wamp64\www\tp5\application\index\controller\Register.php ]
[ info ] [ VIEW ] F:\four\wamp64\www\tp5\public/../application/index\view\register\vue.html [ array (
) ]
[ info ] [ LOG ] INIT File
---------------------------------------------------------------
[ 2018-12-22T14:21:39+08:00 ] 127.0.0.1 GET www.tp.com/index.php/index/register/vue
[运行时间：0.035233s] [吞吐率：28.38req/s] [内存消耗：2,205.34kb] [文件加载：40]
[ info ] [ LANG ] F:\four\wamp64\www\tp5\thinkphp\lang\zh-cn.php
[ info ] [ ROUTE ] array (
  'type' => 'module',
  'module' => 
  array (
    0 => 'index',
    1 => 'register',
    2 => 'vue',
  ),
)
[ info ] [ HEADER ] array (
  'host' => 'www.tp.com',
  'connection' => 'keep-alive',
  'cache-control' => 'max-age=0',
  'upgrade-insecure-requests' => '1',
  'user-agent' => 'Mozilla/5.0 (Windows NT 10.0; WOW64) AppleWebKit/537.36 (KHTML, like Gecko) Chrome/66.0.3359.181 Safari/537.36',
  'accept' => 'text/html,application/xhtml+xml,application/xml;q=0.9,image/webp,image/apng,*/*;q=0.8',
  'accept-encoding' => 'gzip, deflate',
  'accept-language' => 'zh-CN,zh;q=0.9',
  'cookie' => 'pgv_pvi=2604082176',
)
[ info ] [ PARAM ] array (
)
[ info ] [ RUN ] app\index\controller\register->vue[ F:\four\wamp64\www\tp5\application\index\controller\Register.php ]
[ info ] [ VIEW ] F:\four\wamp64\www\tp5\public/../application/index\view\register\vue.html [ array (
) ]
[ info ] [ LOG ] INIT File
---------------------------------------------------------------
[ 2018-12-22T14:21:40+08:00 ] 127.0.0.1 GET www.tp.com/index.php/index/register/vue
[运行时间：0.032708s] [吞吐率：30.57req/s] [内存消耗：2,205.34kb] [文件加载：40]
[ info ] [ LANG ] F:\four\wamp64\www\tp5\thinkphp\lang\zh-cn.php
[ info ] [ ROUTE ] array (
  'type' => 'module',
  'module' => 
  array (
    0 => 'index',
    1 => 'register',
    2 => 'vue',
  ),
)
[ info ] [ HEADER ] array (
  'host' => 'www.tp.com',
  'connection' => 'keep-alive',
  'cache-control' => 'max-age=0',
  'upgrade-insecure-requests' => '1',
  'user-agent' => 'Mozilla/5.0 (Windows NT 10.0; WOW64) AppleWebKit/537.36 (KHTML, like Gecko) Chrome/66.0.3359.181 Safari/537.36',
  'accept' => 'text/html,application/xhtml+xml,application/xml;q=0.9,image/webp,image/apng,*/*;q=0.8',
  'accept-encoding' => 'gzip, deflate',
  'accept-language' => 'zh-CN,zh;q=0.9',
  'cookie' => 'pgv_pvi=2604082176',
)
[ info ] [ PARAM ] array (
)
[ info ] [ RUN ] app\index\controller\register->vue[ F:\four\wamp64\www\tp5\application\index\controller\Register.php ]
[ info ] [ VIEW ] F:\four\wamp64\www\tp5\public/../application/index\view\register\vue.html [ array (
) ]
[ info ] [ LOG ] INIT File
---------------------------------------------------------------
[ 2018-12-22T14:21:40+08:00 ] 127.0.0.1 GET www.tp.com/index.php/index/register/vue
[运行时间：0.032885s] [吞吐率：30.41req/s] [内存消耗：2,205.34kb] [文件加载：40]
[ info ] [ LANG ] F:\four\wamp64\www\tp5\thinkphp\lang\zh-cn.php
[ info ] [ ROUTE ] array (
  'type' => 'module',
  'module' => 
  array (
    0 => 'index',
    1 => 'register',
    2 => 'vue',
  ),
)
[ info ] [ HEADER ] array (
  'host' => 'www.tp.com',
  'connection' => 'keep-alive',
  'cache-control' => 'max-age=0',
  'upgrade-insecure-requests' => '1',
  'user-agent' => 'Mozilla/5.0 (Windows NT 10.0; WOW64) AppleWebKit/537.36 (KHTML, like Gecko) Chrome/66.0.3359.181 Safari/537.36',
  'accept' => 'text/html,application/xhtml+xml,application/xml;q=0.9,image/webp,image/apng,*/*;q=0.8',
  'accept-encoding' => 'gzip, deflate',
  'accept-language' => 'zh-CN,zh;q=0.9',
  'cookie' => 'pgv_pvi=2604082176',
)
[ info ] [ PARAM ] array (
)
[ info ] [ RUN ] app\index\controller\register->vue[ F:\four\wamp64\www\tp5\application\index\controller\Register.php ]
[ info ] [ VIEW ] F:\four\wamp64\www\tp5\public/../application/index\view\register\vue.html [ array (
) ]
[ info ] [ LOG ] INIT File
---------------------------------------------------------------
[ 2018-12-22T14:21:40+08:00 ] 127.0.0.1 GET www.tp.com/index.php/index/register/vue
[运行时间：0.033510s] [吞吐率：29.84req/s] [内存消耗：2,205.34kb] [文件加载：40]
[ info ] [ LANG ] F:\four\wamp64\www\tp5\thinkphp\lang\zh-cn.php
[ info ] [ ROUTE ] array (
  'type' => 'module',
  'module' => 
  array (
    0 => 'index',
    1 => 'register',
    2 => 'vue',
  ),
)
[ info ] [ HEADER ] array (
  'host' => 'www.tp.com',
  'connection' => 'keep-alive',
  'cache-control' => 'max-age=0',
  'upgrade-insecure-requests' => '1',
  'user-agent' => 'Mozilla/5.0 (Windows NT 10.0; WOW64) AppleWebKit/537.36 (KHTML, like Gecko) Chrome/66.0.3359.181 Safari/537.36',
  'accept' => 'text/html,application/xhtml+xml,application/xml;q=0.9,image/webp,image/apng,*/*;q=0.8',
  'accept-encoding' => 'gzip, deflate',
  'accept-language' => 'zh-CN,zh;q=0.9',
  'cookie' => 'pgv_pvi=2604082176',
)
[ info ] [ PARAM ] array (
)
[ info ] [ RUN ] app\index\controller\register->vue[ F:\four\wamp64\www\tp5\application\index\controller\Register.php ]
[ info ] [ VIEW ] F:\four\wamp64\www\tp5\public/../application/index\view\register\vue.html [ array (
) ]
[ info ] [ LOG ] INIT File
---------------------------------------------------------------
[ 2018-12-22T14:21:40+08:00 ] 127.0.0.1 GET www.tp.com/index.php/index/register/vue
[运行时间：0.035980s] [吞吐率：27.79req/s] [内存消耗：2,205.34kb] [文件加载：40]
[ info ] [ LANG ] F:\four\wamp64\www\tp5\thinkphp\lang\zh-cn.php
[ info ] [ ROUTE ] array (
  'type' => 'module',
  'module' => 
  array (
    0 => 'index',
    1 => 'register',
    2 => 'vue',
  ),
)
[ info ] [ HEADER ] array (
  'host' => 'www.tp.com',
  'connection' => 'keep-alive',
  'cache-control' => 'max-age=0',
  'upgrade-insecure-requests' => '1',
  'user-agent' => 'Mozilla/5.0 (Windows NT 10.0; WOW64) AppleWebKit/537.36 (KHTML, like Gecko) Chrome/66.0.3359.181 Safari/537.36',
  'accept' => 'text/html,application/xhtml+xml,application/xml;q=0.9,image/webp,image/apng,*/*;q=0.8',
  'accept-encoding' => 'gzip, deflate',
  'accept-language' => 'zh-CN,zh;q=0.9',
  'cookie' => 'pgv_pvi=2604082176',
)
[ info ] [ PARAM ] array (
)
[ info ] [ RUN ] app\index\controller\register->vue[ F:\four\wamp64\www\tp5\application\index\controller\Register.php ]
[ info ] [ VIEW ] F:\four\wamp64\www\tp5\public/../application/index\view\register\vue.html [ array (
) ]
[ info ] [ LOG ] INIT File
---------------------------------------------------------------
[ 2018-12-22T14:21:40+08:00 ] 127.0.0.1 GET www.tp.com/index.php/index/register/vue
[运行时间：0.033460s] [吞吐率：29.89req/s] [内存消耗：2,205.34kb] [文件加载：40]
[ info ] [ LANG ] F:\four\wamp64\www\tp5\thinkphp\lang\zh-cn.php
[ info ] [ ROUTE ] array (
  'type' => 'module',
  'module' => 
  array (
    0 => 'index',
    1 => 'register',
    2 => 'vue',
  ),
)
[ info ] [ HEADER ] array (
  'host' => 'www.tp.com',
  'connection' => 'keep-alive',
  'cache-control' => 'max-age=0',
  'upgrade-insecure-requests' => '1',
  'user-agent' => 'Mozilla/5.0 (Windows NT 10.0; WOW64) AppleWebKit/537.36 (KHTML, like Gecko) Chrome/66.0.3359.181 Safari/537.36',
  'accept' => 'text/html,application/xhtml+xml,application/xml;q=0.9,image/webp,image/apng,*/*;q=0.8',
  'accept-encoding' => 'gzip, deflate',
  'accept-language' => 'zh-CN,zh;q=0.9',
  'cookie' => 'pgv_pvi=2604082176',
)
[ info ] [ PARAM ] array (
)
[ info ] [ RUN ] app\index\controller\register->vue[ F:\four\wamp64\www\tp5\application\index\controller\Register.php ]
[ info ] [ VIEW ] F:\four\wamp64\www\tp5\public/../application/index\view\register\vue.html [ array (
) ]
[ info ] [ LOG ] INIT File
---------------------------------------------------------------
[ 2018-12-22T14:21:42+08:00 ] 127.0.0.1 GET www.tp.com/index.php/index/register/vue
[运行时间：0.033625s] [吞吐率：29.74req/s] [内存消耗：2,205.34kb] [文件加载：40]
[ info ] [ LANG ] F:\four\wamp64\www\tp5\thinkphp\lang\zh-cn.php
[ info ] [ ROUTE ] array (
  'type' => 'module',
  'module' => 
  array (
    0 => 'index',
    1 => 'register',
    2 => 'vue',
  ),
)
[ info ] [ HEADER ] array (
  'host' => 'www.tp.com',
  'connection' => 'keep-alive',
  'cache-control' => 'max-age=0',
  'upgrade-insecure-requests' => '1',
  'user-agent' => 'Mozilla/5.0 (Windows NT 10.0; WOW64) AppleWebKit/537.36 (KHTML, like Gecko) Chrome/66.0.3359.181 Safari/537.36',
  'accept' => 'text/html,application/xhtml+xml,application/xml;q=0.9,image/webp,image/apng,*/*;q=0.8',
  'accept-encoding' => 'gzip, deflate',
  'accept-language' => 'zh-CN,zh;q=0.9',
  'cookie' => 'pgv_pvi=2604082176',
)
[ info ] [ PARAM ] array (
)
[ info ] [ RUN ] app\index\controller\register->vue[ F:\four\wamp64\www\tp5\application\index\controller\Register.php ]
[ info ] [ VIEW ] F:\four\wamp64\www\tp5\public/../application/index\view\register\vue.html [ array (
) ]
[ info ] [ LOG ] INIT File
---------------------------------------------------------------
[ 2018-12-22T14:22:03+08:00 ] 127.0.0.1 GET www.tp.com/index.php/index/register/vue
[运行时间：0.033712s] [吞吐率：29.66req/s] [内存消耗：2,205.34kb] [文件加载：40]
[ info ] [ LANG ] F:\four\wamp64\www\tp5\thinkphp\lang\zh-cn.php
[ info ] [ ROUTE ] array (
  'type' => 'module',
  'module' => 
  array (
    0 => 'index',
    1 => 'register',
    2 => 'vue',
  ),
)
[ info ] [ HEADER ] array (
  'host' => 'www.tp.com',
  'connection' => 'keep-alive',
  'cache-control' => 'max-age=0',
  'upgrade-insecure-requests' => '1',
  'user-agent' => 'Mozilla/5.0 (Windows NT 10.0; WOW64) AppleWebKit/537.36 (KHTML, like Gecko) Chrome/66.0.3359.181 Safari/537.36',
  'accept' => 'text/html,application/xhtml+xml,application/xml;q=0.9,image/webp,image/apng,*/*;q=0.8',
  'accept-encoding' => 'gzip, deflate',
  'accept-language' => 'zh-CN,zh;q=0.9',
  'cookie' => 'pgv_pvi=2604082176',
)
[ info ] [ PARAM ] array (
)
[ info ] [ RUN ] app\index\controller\register->vue[ F:\four\wamp64\www\tp5\application\index\controller\Register.php ]
[ info ] [ VIEW ] F:\four\wamp64\www\tp5\public/../application/index\view\register\vue.html [ array (
) ]
[ info ] [ LOG ] INIT File
---------------------------------------------------------------
[ 2018-12-22T14:22:04+08:00 ] 127.0.0.1 GET www.tp.com/index.php/index/register/vue
[运行时间：0.038892s] [吞吐率：25.71req/s] [内存消耗：2,426.00kb] [文件加载：42]
[ info ] [ LANG ] F:\four\wamp64\www\tp5\thinkphp\lang\zh-cn.php
[ info ] [ ROUTE ] array (
  'type' => 'module',
  'module' => 
  array (
    0 => 'index',
    1 => 'register',
    2 => 'vue',
  ),
)
[ info ] [ HEADER ] array (
  'host' => 'www.tp.com',
  'connection' => 'keep-alive',
  'cache-control' => 'max-age=0',
  'upgrade-insecure-requests' => '1',
  'user-agent' => 'Mozilla/5.0 (Windows NT 10.0; WOW64) AppleWebKit/537.36 (KHTML, like Gecko) Chrome/66.0.3359.181 Safari/537.36',
  'accept' => 'text/html,application/xhtml+xml,application/xml;q=0.9,image/webp,image/apng,*/*;q=0.8',
  'accept-encoding' => 'gzip, deflate',
  'accept-language' => 'zh-CN,zh;q=0.9',
  'cookie' => 'pgv_pvi=2604082176',
)
[ info ] [ PARAM ] array (
)
[ info ] [ RUN ] app\index\controller\register->vue[ F:\four\wamp64\www\tp5\application\index\controller\Register.php ]
[ info ] [ VIEW ] F:\four\wamp64\www\tp5\public/../application/index\view\register\vue.html [ array (
) ]
[ info ] [ LOG ] INIT File
---------------------------------------------------------------
[ 2018-12-22T14:22:05+08:00 ] 127.0.0.1 GET www.tp.com/index.php/index/register/vue
[运行时间：0.034620s] [吞吐率：28.88req/s] [内存消耗：2,205.34kb] [文件加载：40]
[ info ] [ LANG ] F:\four\wamp64\www\tp5\thinkphp\lang\zh-cn.php
[ info ] [ ROUTE ] array (
  'type' => 'module',
  'module' => 
  array (
    0 => 'index',
    1 => 'register',
    2 => 'vue',
  ),
)
[ info ] [ HEADER ] array (
  'host' => 'www.tp.com',
  'connection' => 'keep-alive',
  'cache-control' => 'max-age=0',
  'upgrade-insecure-requests' => '1',
  'user-agent' => 'Mozilla/5.0 (Windows NT 10.0; WOW64) AppleWebKit/537.36 (KHTML, like Gecko) Chrome/66.0.3359.181 Safari/537.36',
  'accept' => 'text/html,application/xhtml+xml,application/xml;q=0.9,image/webp,image/apng,*/*;q=0.8',
  'accept-encoding' => 'gzip, deflate',
  'accept-language' => 'zh-CN,zh;q=0.9',
  'cookie' => 'pgv_pvi=2604082176',
)
[ info ] [ PARAM ] array (
)
[ info ] [ RUN ] app\index\controller\register->vue[ F:\four\wamp64\www\tp5\application\index\controller\Register.php ]
[ info ] [ VIEW ] F:\four\wamp64\www\tp5\public/../application/index\view\register\vue.html [ array (
) ]
[ info ] [ LOG ] INIT File
---------------------------------------------------------------
[ 2018-12-22T14:22:05+08:00 ] 127.0.0.1 GET www.tp.com/index.php/index/register/vue
[运行时间：0.032888s] [吞吐率：30.41req/s] [内存消耗：2,205.34kb] [文件加载：40]
[ info ] [ LANG ] F:\four\wamp64\www\tp5\thinkphp\lang\zh-cn.php
[ info ] [ ROUTE ] array (
  'type' => 'module',
  'module' => 
  array (
    0 => 'index',
    1 => 'register',
    2 => 'vue',
  ),
)
[ info ] [ HEADER ] array (
  'host' => 'www.tp.com',
  'connection' => 'keep-alive',
  'cache-control' => 'max-age=0',
  'upgrade-insecure-requests' => '1',
  'user-agent' => 'Mozilla/5.0 (Windows NT 10.0; WOW64) AppleWebKit/537.36 (KHTML, like Gecko) Chrome/66.0.3359.181 Safari/537.36',
  'accept' => 'text/html,application/xhtml+xml,application/xml;q=0.9,image/webp,image/apng,*/*;q=0.8',
  'accept-encoding' => 'gzip, deflate',
  'accept-language' => 'zh-CN,zh;q=0.9',
  'cookie' => 'pgv_pvi=2604082176',
)
[ info ] [ PARAM ] array (
)
[ info ] [ RUN ] app\index\controller\register->vue[ F:\four\wamp64\www\tp5\application\index\controller\Register.php ]
[ info ] [ VIEW ] F:\four\wamp64\www\tp5\public/../application/index\view\register\vue.html [ array (
) ]
[ info ] [ LOG ] INIT File
---------------------------------------------------------------
[ 2018-12-22T14:22:05+08:00 ] 127.0.0.1 GET www.tp.com/index.php/index/register/vue
[运行时间：0.033755s] [吞吐率：29.63req/s] [内存消耗：2,205.34kb] [文件加载：40]
[ info ] [ LANG ] F:\four\wamp64\www\tp5\thinkphp\lang\zh-cn.php
[ info ] [ ROUTE ] array (
  'type' => 'module',
  'module' => 
  array (
    0 => 'index',
    1 => 'register',
    2 => 'vue',
  ),
)
[ info ] [ HEADER ] array (
  'host' => 'www.tp.com',
  'connection' => 'keep-alive',
  'cache-control' => 'max-age=0',
  'upgrade-insecure-requests' => '1',
  'user-agent' => 'Mozilla/5.0 (Windows NT 10.0; WOW64) AppleWebKit/537.36 (KHTML, like Gecko) Chrome/66.0.3359.181 Safari/537.36',
  'accept' => 'text/html,application/xhtml+xml,application/xml;q=0.9,image/webp,image/apng,*/*;q=0.8',
  'accept-encoding' => 'gzip, deflate',
  'accept-language' => 'zh-CN,zh;q=0.9',
  'cookie' => 'pgv_pvi=2604082176',
)
[ info ] [ PARAM ] array (
)
[ info ] [ RUN ] app\index\controller\register->vue[ F:\four\wamp64\www\tp5\application\index\controller\Register.php ]
[ info ] [ VIEW ] F:\four\wamp64\www\tp5\public/../application/index\view\register\vue.html [ array (
) ]
[ info ] [ LOG ] INIT File
---------------------------------------------------------------
[ 2018-12-22T14:22:05+08:00 ] 127.0.0.1 GET www.tp.com/index.php/index/register/vue
[运行时间：0.033309s] [吞吐率：30.02req/s] [内存消耗：2,205.34kb] [文件加载：40]
[ info ] [ LANG ] F:\four\wamp64\www\tp5\thinkphp\lang\zh-cn.php
[ info ] [ ROUTE ] array (
  'type' => 'module',
  'module' => 
  array (
    0 => 'index',
    1 => 'register',
    2 => 'vue',
  ),
)
[ info ] [ HEADER ] array (
  'host' => 'www.tp.com',
  'connection' => 'keep-alive',
  'cache-control' => 'max-age=0',
  'upgrade-insecure-requests' => '1',
  'user-agent' => 'Mozilla/5.0 (Windows NT 10.0; WOW64) AppleWebKit/537.36 (KHTML, like Gecko) Chrome/66.0.3359.181 Safari/537.36',
  'accept' => 'text/html,application/xhtml+xml,application/xml;q=0.9,image/webp,image/apng,*/*;q=0.8',
  'accept-encoding' => 'gzip, deflate',
  'accept-language' => 'zh-CN,zh;q=0.9',
  'cookie' => 'pgv_pvi=2604082176',
)
[ info ] [ PARAM ] array (
)
[ info ] [ RUN ] app\index\controller\register->vue[ F:\four\wamp64\www\tp5\application\index\controller\Register.php ]
[ info ] [ VIEW ] F:\four\wamp64\www\tp5\public/../application/index\view\register\vue.html [ array (
) ]
[ info ] [ LOG ] INIT File
---------------------------------------------------------------
[ 2018-12-22T14:22:07+08:00 ] 127.0.0.1 GET www.tp.com/index.php/index/register/vue
[运行时间：0.032638s] [吞吐率：30.64req/s] [内存消耗：2,205.34kb] [文件加载：40]
[ info ] [ LANG ] F:\four\wamp64\www\tp5\thinkphp\lang\zh-cn.php
[ info ] [ ROUTE ] array (
  'type' => 'module',
  'module' => 
  array (
    0 => 'index',
    1 => 'register',
    2 => 'vue',
  ),
)
[ info ] [ HEADER ] array (
  'host' => 'www.tp.com',
  'connection' => 'keep-alive',
  'cache-control' => 'max-age=0',
  'upgrade-insecure-requests' => '1',
  'user-agent' => 'Mozilla/5.0 (Windows NT 10.0; WOW64) AppleWebKit/537.36 (KHTML, like Gecko) Chrome/66.0.3359.181 Safari/537.36',
  'accept' => 'text/html,application/xhtml+xml,application/xml;q=0.9,image/webp,image/apng,*/*;q=0.8',
  'accept-encoding' => 'gzip, deflate',
  'accept-language' => 'zh-CN,zh;q=0.9',
  'cookie' => 'pgv_pvi=2604082176',
)
[ info ] [ PARAM ] array (
)
[ info ] [ RUN ] app\index\controller\register->vue[ F:\four\wamp64\www\tp5\application\index\controller\Register.php ]
[ info ] [ VIEW ] F:\four\wamp64\www\tp5\public/../application/index\view\register\vue.html [ array (
) ]
[ info ] [ LOG ] INIT File
---------------------------------------------------------------
[ 2018-12-22T14:24:41+08:00 ] 127.0.0.1 GET www.tp.com/index.php/index/register/vue
[运行时间：0.305178s] [吞吐率：3.28req/s] [内存消耗：2,426.00kb] [文件加载：42]
[ info ] [ LANG ] F:\four\wamp64\www\tp5\thinkphp\lang\zh-cn.php
[ info ] [ ROUTE ] array (
  'type' => 'module',
  'module' => 
  array (
    0 => 'index',
    1 => 'register',
    2 => 'vue',
  ),
)
[ info ] [ HEADER ] array (
  'host' => 'www.tp.com',
  'connection' => 'keep-alive',
  'cache-control' => 'max-age=0',
  'upgrade-insecure-requests' => '1',
  'user-agent' => 'Mozilla/5.0 (Windows NT 10.0; WOW64) AppleWebKit/537.36 (KHTML, like Gecko) Chrome/66.0.3359.181 Safari/537.36',
  'accept' => 'text/html,application/xhtml+xml,application/xml;q=0.9,image/webp,image/apng,*/*;q=0.8',
  'accept-encoding' => 'gzip, deflate',
  'accept-language' => 'zh-CN,zh;q=0.9',
  'cookie' => 'pgv_pvi=2604082176',
)
[ info ] [ PARAM ] array (
)
[ info ] [ RUN ] app\index\controller\register->vue[ F:\four\wamp64\www\tp5\application\index\controller\Register.php ]
[ info ] [ VIEW ] F:\four\wamp64\www\tp5\public/../application/index\view\register\vue.html [ array (
) ]
[ info ] [ LOG ] INIT File
---------------------------------------------------------------
[ 2018-12-22T14:24:51+08:00 ] 127.0.0.1 GET www.tp.com/index.php/index/register/vue
[运行时间：0.042026s] [吞吐率：23.79req/s] [内存消耗：2,426.00kb] [文件加载：42]
[ info ] [ LANG ] F:\four\wamp64\www\tp5\thinkphp\lang\zh-cn.php
[ info ] [ ROUTE ] array (
  'type' => 'module',
  'module' => 
  array (
    0 => 'index',
    1 => 'register',
    2 => 'vue',
  ),
)
[ info ] [ HEADER ] array (
  'host' => 'www.tp.com',
  'connection' => 'keep-alive',
  'cache-control' => 'max-age=0',
  'upgrade-insecure-requests' => '1',
  'user-agent' => 'Mozilla/5.0 (Windows NT 10.0; WOW64) AppleWebKit/537.36 (KHTML, like Gecko) Chrome/66.0.3359.181 Safari/537.36',
  'accept' => 'text/html,application/xhtml+xml,application/xml;q=0.9,image/webp,image/apng,*/*;q=0.8',
  'accept-encoding' => 'gzip, deflate',
  'accept-language' => 'zh-CN,zh;q=0.9',
  'cookie' => 'pgv_pvi=2604082176',
)
[ info ] [ PARAM ] array (
)
[ info ] [ RUN ] app\index\controller\register->vue[ F:\four\wamp64\www\tp5\application\index\controller\Register.php ]
[ info ] [ VIEW ] F:\four\wamp64\www\tp5\public/../application/index\view\register\vue.html [ array (
) ]
[ info ] [ LOG ] INIT File
---------------------------------------------------------------
[ 2018-12-22T14:25:22+08:00 ] 127.0.0.1 GET www.tp.com/index.php/index/register/vue
[运行时间：0.047196s] [吞吐率：21.19req/s] [内存消耗：2,426.00kb] [文件加载：42]
[ info ] [ LANG ] F:\four\wamp64\www\tp5\thinkphp\lang\zh-cn.php
[ info ] [ ROUTE ] array (
  'type' => 'module',
  'module' => 
  array (
    0 => 'index',
    1 => 'register',
    2 => 'vue',
  ),
)
[ info ] [ HEADER ] array (
  'host' => 'www.tp.com',
  'connection' => 'keep-alive',
  'cache-control' => 'max-age=0',
  'upgrade-insecure-requests' => '1',
  'user-agent' => 'Mozilla/5.0 (Windows NT 10.0; WOW64) AppleWebKit/537.36 (KHTML, like Gecko) Chrome/66.0.3359.181 Safari/537.36',
  'accept' => 'text/html,application/xhtml+xml,application/xml;q=0.9,image/webp,image/apng,*/*;q=0.8',
  'accept-encoding' => 'gzip, deflate',
  'accept-language' => 'zh-CN,zh;q=0.9',
  'cookie' => 'pgv_pvi=2604082176',
)
[ info ] [ PARAM ] array (
)
[ info ] [ RUN ] app\index\controller\register->vue[ F:\four\wamp64\www\tp5\application\index\controller\Register.php ]
[ info ] [ VIEW ] F:\four\wamp64\www\tp5\public/../application/index\view\register\vue.html [ array (
) ]
[ info ] [ LOG ] INIT File
---------------------------------------------------------------
[ 2018-12-22T14:29:18+08:00 ] 127.0.0.1 GET www.tp.com/index.php/index/register/vue
[运行时间：0.044196s] [吞吐率：22.63req/s] [内存消耗：2,426.00kb] [文件加载：42]
[ info ] [ LANG ] F:\four\wamp64\www\tp5\thinkphp\lang\zh-cn.php
[ info ] [ ROUTE ] array (
  'type' => 'module',
  'module' => 
  array (
    0 => 'index',
    1 => 'register',
    2 => 'vue',
  ),
)
[ info ] [ HEADER ] array (
  'host' => 'www.tp.com',
  'connection' => 'keep-alive',
  'cache-control' => 'max-age=0',
  'upgrade-insecure-requests' => '1',
  'user-agent' => 'Mozilla/5.0 (Windows NT 10.0; WOW64) AppleWebKit/537.36 (KHTML, like Gecko) Chrome/66.0.3359.181 Safari/537.36',
  'accept' => 'text/html,application/xhtml+xml,application/xml;q=0.9,image/webp,image/apng,*/*;q=0.8',
  'accept-encoding' => 'gzip, deflate',
  'accept-language' => 'zh-CN,zh;q=0.9',
  'cookie' => 'pgv_pvi=2604082176',
)
[ info ] [ PARAM ] array (
)
[ info ] [ RUN ] app\index\controller\register->vue[ F:\four\wamp64\www\tp5\application\index\controller\Register.php ]
[ info ] [ VIEW ] F:\four\wamp64\www\tp5\public/../application/index\view\register\vue.html [ array (
) ]
[ info ] [ LOG ] INIT File
---------------------------------------------------------------
[ 2018-12-22T14:29:19+08:00 ] 127.0.0.1 GET www.tp.com/index.php/index/register/vue
[运行时间：0.034781s] [吞吐率：28.75req/s] [内存消耗：2,205.34kb] [文件加载：40]
[ info ] [ LANG ] F:\four\wamp64\www\tp5\thinkphp\lang\zh-cn.php
[ info ] [ ROUTE ] array (
  'type' => 'module',
  'module' => 
  array (
    0 => 'index',
    1 => 'register',
    2 => 'vue',
  ),
)
[ info ] [ HEADER ] array (
  'host' => 'www.tp.com',
  'connection' => 'keep-alive',
  'cache-control' => 'max-age=0',
  'upgrade-insecure-requests' => '1',
  'user-agent' => 'Mozilla/5.0 (Windows NT 10.0; WOW64) AppleWebKit/537.36 (KHTML, like Gecko) Chrome/66.0.3359.181 Safari/537.36',
  'accept' => 'text/html,application/xhtml+xml,application/xml;q=0.9,image/webp,image/apng,*/*;q=0.8',
  'accept-encoding' => 'gzip, deflate',
  'accept-language' => 'zh-CN,zh;q=0.9',
  'cookie' => 'pgv_pvi=2604082176',
)
[ info ] [ PARAM ] array (
)
[ info ] [ RUN ] app\index\controller\register->vue[ F:\four\wamp64\www\tp5\application\index\controller\Register.php ]
[ info ] [ VIEW ] F:\four\wamp64\www\tp5\public/../application/index\view\register\vue.html [ array (
) ]
[ info ] [ LOG ] INIT File
---------------------------------------------------------------
[ 2018-12-22T14:29:19+08:00 ] 127.0.0.1 GET www.tp.com/index.php/index/register/vue
[运行时间：0.132961s] [吞吐率：7.52req/s] [内存消耗：2,205.34kb] [文件加载：40]
[ info ] [ LANG ] F:\four\wamp64\www\tp5\thinkphp\lang\zh-cn.php
[ info ] [ ROUTE ] array (
  'type' => 'module',
  'module' => 
  array (
    0 => 'index',
    1 => 'register',
    2 => 'vue',
  ),
)
[ info ] [ HEADER ] array (
  'host' => 'www.tp.com',
  'connection' => 'keep-alive',
  'cache-control' => 'max-age=0',
  'upgrade-insecure-requests' => '1',
  'user-agent' => 'Mozilla/5.0 (Windows NT 10.0; WOW64) AppleWebKit/537.36 (KHTML, like Gecko) Chrome/66.0.3359.181 Safari/537.36',
  'accept' => 'text/html,application/xhtml+xml,application/xml;q=0.9,image/webp,image/apng,*/*;q=0.8',
  'accept-encoding' => 'gzip, deflate',
  'accept-language' => 'zh-CN,zh;q=0.9',
  'cookie' => 'pgv_pvi=2604082176',
)
[ info ] [ PARAM ] array (
)
[ info ] [ RUN ] app\index\controller\register->vue[ F:\four\wamp64\www\tp5\application\index\controller\Register.php ]
[ info ] [ VIEW ] F:\four\wamp64\www\tp5\public/../application/index\view\register\vue.html [ array (
) ]
[ info ] [ LOG ] INIT File
---------------------------------------------------------------
[ 2018-12-22T14:29:19+08:00 ] 127.0.0.1 GET www.tp.com/index.php/index/register/vue
[运行时间：0.034593s] [吞吐率：28.91req/s] [内存消耗：2,205.34kb] [文件加载：40]
[ info ] [ LANG ] F:\four\wamp64\www\tp5\thinkphp\lang\zh-cn.php
[ info ] [ ROUTE ] array (
  'type' => 'module',
  'module' => 
  array (
    0 => 'index',
    1 => 'register',
    2 => 'vue',
  ),
)
[ info ] [ HEADER ] array (
  'host' => 'www.tp.com',
  'connection' => 'keep-alive',
  'cache-control' => 'max-age=0',
  'upgrade-insecure-requests' => '1',
  'user-agent' => 'Mozilla/5.0 (Windows NT 10.0; WOW64) AppleWebKit/537.36 (KHTML, like Gecko) Chrome/66.0.3359.181 Safari/537.36',
  'accept' => 'text/html,application/xhtml+xml,application/xml;q=0.9,image/webp,image/apng,*/*;q=0.8',
  'accept-encoding' => 'gzip, deflate',
  'accept-language' => 'zh-CN,zh;q=0.9',
  'cookie' => 'pgv_pvi=2604082176',
)
[ info ] [ PARAM ] array (
)
[ info ] [ RUN ] app\index\controller\register->vue[ F:\four\wamp64\www\tp5\application\index\controller\Register.php ]
[ info ] [ VIEW ] F:\four\wamp64\www\tp5\public/../application/index\view\register\vue.html [ array (
) ]
[ info ] [ LOG ] INIT File
---------------------------------------------------------------
[ 2018-12-22T15:05:23+08:00 ] 127.0.0.1 GET www.tp.com/index.php/index/register/vue
[运行时间：1.597410s] [吞吐率：0.63req/s] [内存消耗：2,426.00kb] [文件加载：42]
[ info ] [ LANG ] F:\four\wamp64\www\tp5\thinkphp\lang\zh-cn.php
[ info ] [ ROUTE ] array (
  'type' => 'module',
  'module' => 
  array (
    0 => 'index',
    1 => 'register',
    2 => 'vue',
  ),
)
[ info ] [ HEADER ] array (
  'host' => 'www.tp.com',
  'connection' => 'keep-alive',
  'cache-control' => 'max-age=0',
  'upgrade-insecure-requests' => '1',
  'user-agent' => 'Mozilla/5.0 (Windows NT 10.0; WOW64) AppleWebKit/537.36 (KHTML, like Gecko) Chrome/66.0.3359.181 Safari/537.36',
  'accept' => 'text/html,application/xhtml+xml,application/xml;q=0.9,image/webp,image/apng,*/*;q=0.8',
  'accept-encoding' => 'gzip, deflate',
  'accept-language' => 'zh-CN,zh;q=0.9',
  'cookie' => 'pgv_pvi=2604082176',
)
[ info ] [ PARAM ] array (
)
[ info ] [ RUN ] app\index\controller\register->vue[ F:\four\wamp64\www\tp5\application\index\controller\Register.php ]
[ info ] [ VIEW ] F:\four\wamp64\www\tp5\public/../application/index\view\register\vue.html [ array (
) ]
[ info ] [ LOG ] INIT File
---------------------------------------------------------------
[ 2018-12-22T15:18:46+08:00 ] 127.0.0.1 GET www.tp.com/index.php/index/register/vue
[运行时间：0.050640s] [吞吐率：19.75req/s] [内存消耗：2,426.00kb] [文件加载：42]
[ info ] [ LANG ] F:\four\wamp64\www\tp5\thinkphp\lang\zh-cn.php
[ info ] [ ROUTE ] array (
  'type' => 'module',
  'module' => 
  array (
    0 => 'index',
    1 => 'register',
    2 => 'vue',
  ),
)
[ info ] [ HEADER ] array (
  'host' => 'www.tp.com',
  'connection' => 'keep-alive',
  'cache-control' => 'max-age=0',
  'upgrade-insecure-requests' => '1',
  'user-agent' => 'Mozilla/5.0 (Windows NT 10.0; WOW64) AppleWebKit/537.36 (KHTML, like Gecko) Chrome/66.0.3359.181 Safari/537.36',
  'accept' => 'text/html,application/xhtml+xml,application/xml;q=0.9,image/webp,image/apng,*/*;q=0.8',
  'accept-encoding' => 'gzip, deflate',
  'accept-language' => 'zh-CN,zh;q=0.9',
  'cookie' => 'pgv_pvi=2604082176',
)
[ info ] [ PARAM ] array (
)
[ info ] [ RUN ] app\index\controller\register->vue[ F:\four\wamp64\www\tp5\application\index\controller\Register.php ]
[ info ] [ VIEW ] F:\four\wamp64\www\tp5\public/../application/index\view\register\vue.html [ array (
) ]
[ info ] [ LOG ] INIT File
---------------------------------------------------------------
[ 2018-12-22T15:18:47+08:00 ] 127.0.0.1 GET www.tp.com/index.php/index/register/vue
[运行时间：0.041621s] [吞吐率：24.03req/s] [内存消耗：2,205.34kb] [文件加载：40]
[ info ] [ LANG ] F:\four\wamp64\www\tp5\thinkphp\lang\zh-cn.php
[ info ] [ ROUTE ] array (
  'type' => 'module',
  'module' => 
  array (
    0 => 'index',
    1 => 'register',
    2 => 'vue',
  ),
)
[ info ] [ HEADER ] array (
  'host' => 'www.tp.com',
  'connection' => 'keep-alive',
  'cache-control' => 'max-age=0',
  'upgrade-insecure-requests' => '1',
  'user-agent' => 'Mozilla/5.0 (Windows NT 10.0; WOW64) AppleWebKit/537.36 (KHTML, like Gecko) Chrome/66.0.3359.181 Safari/537.36',
  'accept' => 'text/html,application/xhtml+xml,application/xml;q=0.9,image/webp,image/apng,*/*;q=0.8',
  'accept-encoding' => 'gzip, deflate',
  'accept-language' => 'zh-CN,zh;q=0.9',
  'cookie' => 'pgv_pvi=2604082176',
)
[ info ] [ PARAM ] array (
)
[ info ] [ RUN ] app\index\controller\register->vue[ F:\four\wamp64\www\tp5\application\index\controller\Register.php ]
[ info ] [ VIEW ] F:\four\wamp64\www\tp5\public/../application/index\view\register\vue.html [ array (
) ]
[ info ] [ LOG ] INIT File
---------------------------------------------------------------
[ 2018-12-22T15:18:48+08:00 ] 127.0.0.1 GET www.tp.com/index.php/index/register/vue
[运行时间：0.047891s] [吞吐率：20.88req/s] [内存消耗：2,205.34kb] [文件加载：40]
[ info ] [ LANG ] F:\four\wamp64\www\tp5\thinkphp\lang\zh-cn.php
[ info ] [ ROUTE ] array (
  'type' => 'module',
  'module' => 
  array (
    0 => 'index',
    1 => 'register',
    2 => 'vue',
  ),
)
[ info ] [ HEADER ] array (
  'host' => 'www.tp.com',
  'connection' => 'keep-alive',
  'cache-control' => 'max-age=0',
  'upgrade-insecure-requests' => '1',
  'user-agent' => 'Mozilla/5.0 (Windows NT 10.0; WOW64) AppleWebKit/537.36 (KHTML, like Gecko) Chrome/66.0.3359.181 Safari/537.36',
  'accept' => 'text/html,application/xhtml+xml,application/xml;q=0.9,image/webp,image/apng,*/*;q=0.8',
  'accept-encoding' => 'gzip, deflate',
  'accept-language' => 'zh-CN,zh;q=0.9',
  'cookie' => 'pgv_pvi=2604082176',
)
[ info ] [ PARAM ] array (
)
[ info ] [ RUN ] app\index\controller\register->vue[ F:\four\wamp64\www\tp5\application\index\controller\Register.php ]
[ info ] [ VIEW ] F:\four\wamp64\www\tp5\public/../application/index\view\register\vue.html [ array (
) ]
[ info ] [ LOG ] INIT File
---------------------------------------------------------------
[ 2018-12-22T15:18:48+08:00 ] 127.0.0.1 GET www.tp.com/index.php/index/register/vue
[运行时间：0.036121s] [吞吐率：27.68req/s] [内存消耗：2,205.34kb] [文件加载：40]
[ info ] [ LANG ] F:\four\wamp64\www\tp5\thinkphp\lang\zh-cn.php
[ info ] [ ROUTE ] array (
  'type' => 'module',
  'module' => 
  array (
    0 => 'index',
    1 => 'register',
    2 => 'vue',
  ),
)
[ info ] [ HEADER ] array (
  'host' => 'www.tp.com',
  'connection' => 'keep-alive',
  'cache-control' => 'max-age=0',
  'upgrade-insecure-requests' => '1',
  'user-agent' => 'Mozilla/5.0 (Windows NT 10.0; WOW64) AppleWebKit/537.36 (KHTML, like Gecko) Chrome/66.0.3359.181 Safari/537.36',
  'accept' => 'text/html,application/xhtml+xml,application/xml;q=0.9,image/webp,image/apng,*/*;q=0.8',
  'accept-encoding' => 'gzip, deflate',
  'accept-language' => 'zh-CN,zh;q=0.9',
  'cookie' => 'pgv_pvi=2604082176',
)
[ info ] [ PARAM ] array (
)
[ info ] [ RUN ] app\index\controller\register->vue[ F:\four\wamp64\www\tp5\application\index\controller\Register.php ]
[ info ] [ VIEW ] F:\four\wamp64\www\tp5\public/../application/index\view\register\vue.html [ array (
) ]
[ info ] [ LOG ] INIT File
---------------------------------------------------------------
[ 2018-12-22T15:18:50+08:00 ] 127.0.0.1 GET www.tp.com/index.php/index/register/vue
[运行时间：0.037470s] [吞吐率：26.69req/s] [内存消耗：2,205.34kb] [文件加载：40]
[ info ] [ LANG ] F:\four\wamp64\www\tp5\thinkphp\lang\zh-cn.php
[ info ] [ ROUTE ] array (
  'type' => 'module',
  'module' => 
  array (
    0 => 'index',
    1 => 'register',
    2 => 'vue',
  ),
)
[ info ] [ HEADER ] array (
  'host' => 'www.tp.com',
  'connection' => 'keep-alive',
  'cache-control' => 'max-age=0',
  'upgrade-insecure-requests' => '1',
  'user-agent' => 'Mozilla/5.0 (Windows NT 10.0; WOW64) AppleWebKit/537.36 (KHTML, like Gecko) Chrome/66.0.3359.181 Safari/537.36',
  'accept' => 'text/html,application/xhtml+xml,application/xml;q=0.9,image/webp,image/apng,*/*;q=0.8',
  'accept-encoding' => 'gzip, deflate',
  'accept-language' => 'zh-CN,zh;q=0.9',
  'cookie' => 'pgv_pvi=2604082176',
)
[ info ] [ PARAM ] array (
)
[ info ] [ RUN ] app\index\controller\register->vue[ F:\four\wamp64\www\tp5\application\index\controller\Register.php ]
[ info ] [ VIEW ] F:\four\wamp64\www\tp5\public/../application/index\view\register\vue.html [ array (
) ]
[ info ] [ LOG ] INIT File
---------------------------------------------------------------
[ 2018-12-22T15:19:50+08:00 ] 127.0.0.1 GET www.tp.com/index.php/index/register/vue
[运行时间：0.157061s] [吞吐率：6.37req/s] [内存消耗：2,426.00kb] [文件加载：42]
[ info ] [ LANG ] F:\four\wamp64\www\tp5\thinkphp\lang\zh-cn.php
[ info ] [ ROUTE ] array (
  'type' => 'module',
  'module' => 
  array (
    0 => 'index',
    1 => 'register',
    2 => 'vue',
  ),
)
[ info ] [ HEADER ] array (
  'host' => 'www.tp.com',
  'connection' => 'keep-alive',
  'cache-control' => 'max-age=0',
  'upgrade-insecure-requests' => '1',
  'user-agent' => 'Mozilla/5.0 (Windows NT 10.0; WOW64) AppleWebKit/537.36 (KHTML, like Gecko) Chrome/66.0.3359.181 Safari/537.36',
  'accept' => 'text/html,application/xhtml+xml,application/xml;q=0.9,image/webp,image/apng,*/*;q=0.8',
  'accept-encoding' => 'gzip, deflate',
  'accept-language' => 'zh-CN,zh;q=0.9',
  'cookie' => 'pgv_pvi=2604082176',
)
[ info ] [ PARAM ] array (
)
[ info ] [ RUN ] app\index\controller\register->vue[ F:\four\wamp64\www\tp5\application\index\controller\Register.php ]
[ info ] [ VIEW ] F:\four\wamp64\www\tp5\public/../application/index\view\register\vue.html [ array (
) ]
[ info ] [ LOG ] INIT File
---------------------------------------------------------------
[ 2018-12-22T15:20:35+08:00 ] 127.0.0.1 GET www.tp.com/index.php/index/register/vue
[运行时间：0.036325s] [吞吐率：27.53req/s] [内存消耗：2,205.34kb] [文件加载：40]
[ info ] [ LANG ] F:\four\wamp64\www\tp5\thinkphp\lang\zh-cn.php
[ info ] [ ROUTE ] array (
  'type' => 'module',
  'module' => 
  array (
    0 => 'index',
    1 => 'register',
    2 => 'vue',
  ),
)
[ info ] [ HEADER ] array (
  'host' => 'www.tp.com',
  'connection' => 'keep-alive',
  'cache-control' => 'max-age=0',
  'upgrade-insecure-requests' => '1',
  'user-agent' => 'Mozilla/5.0 (Windows NT 10.0; WOW64) AppleWebKit/537.36 (KHTML, like Gecko) Chrome/66.0.3359.181 Safari/537.36',
  'accept' => 'text/html,application/xhtml+xml,application/xml;q=0.9,image/webp,image/apng,*/*;q=0.8',
  'accept-encoding' => 'gzip, deflate',
  'accept-language' => 'zh-CN,zh;q=0.9',
  'cookie' => 'pgv_pvi=2604082176',
)
[ info ] [ PARAM ] array (
)
[ info ] [ RUN ] app\index\controller\register->vue[ F:\four\wamp64\www\tp5\application\index\controller\Register.php ]
[ info ] [ VIEW ] F:\four\wamp64\www\tp5\public/../application/index\view\register\vue.html [ array (
) ]
[ info ] [ LOG ] INIT File
---------------------------------------------------------------
[ 2018-12-22T15:20:36+08:00 ] 127.0.0.1 GET www.tp.com/index.php/index/register/vue
[运行时间：0.047570s] [吞吐率：21.02req/s] [内存消耗：2,426.00kb] [文件加载：42]
[ info ] [ LANG ] F:\four\wamp64\www\tp5\thinkphp\lang\zh-cn.php
[ info ] [ ROUTE ] array (
  'type' => 'module',
  'module' => 
  array (
    0 => 'index',
    1 => 'register',
    2 => 'vue',
  ),
)
[ info ] [ HEADER ] array (
  'host' => 'www.tp.com',
  'connection' => 'keep-alive',
  'cache-control' => 'max-age=0',
  'upgrade-insecure-requests' => '1',
  'user-agent' => 'Mozilla/5.0 (Windows NT 10.0; WOW64) AppleWebKit/537.36 (KHTML, like Gecko) Chrome/66.0.3359.181 Safari/537.36',
  'accept' => 'text/html,application/xhtml+xml,application/xml;q=0.9,image/webp,image/apng,*/*;q=0.8',
  'accept-encoding' => 'gzip, deflate',
  'accept-language' => 'zh-CN,zh;q=0.9',
  'cookie' => 'pgv_pvi=2604082176',
)
[ info ] [ PARAM ] array (
)
[ info ] [ RUN ] app\index\controller\register->vue[ F:\four\wamp64\www\tp5\application\index\controller\Register.php ]
[ info ] [ VIEW ] F:\four\wamp64\www\tp5\public/../application/index\view\register\vue.html [ array (
) ]
[ info ] [ LOG ] INIT File
---------------------------------------------------------------
[ 2018-12-22T15:20:37+08:00 ] 127.0.0.1 GET www.tp.com/index.php/index/register/vue
[运行时间：0.034225s] [吞吐率：29.22req/s] [内存消耗：2,205.34kb] [文件加载：40]
[ info ] [ LANG ] F:\four\wamp64\www\tp5\thinkphp\lang\zh-cn.php
[ info ] [ ROUTE ] array (
  'type' => 'module',
  'module' => 
  array (
    0 => 'index',
    1 => 'register',
    2 => 'vue',
  ),
)
[ info ] [ HEADER ] array (
  'host' => 'www.tp.com',
  'connection' => 'keep-alive',
  'cache-control' => 'max-age=0',
  'upgrade-insecure-requests' => '1',
  'user-agent' => 'Mozilla/5.0 (Windows NT 10.0; WOW64) AppleWebKit/537.36 (KHTML, like Gecko) Chrome/66.0.3359.181 Safari/537.36',
  'accept' => 'text/html,application/xhtml+xml,application/xml;q=0.9,image/webp,image/apng,*/*;q=0.8',
  'accept-encoding' => 'gzip, deflate',
  'accept-language' => 'zh-CN,zh;q=0.9',
  'cookie' => 'pgv_pvi=2604082176',
)
[ info ] [ PARAM ] array (
)
[ info ] [ RUN ] app\index\controller\register->vue[ F:\four\wamp64\www\tp5\application\index\controller\Register.php ]
[ info ] [ VIEW ] F:\four\wamp64\www\tp5\public/../application/index\view\register\vue.html [ array (
) ]
[ info ] [ LOG ] INIT File
---------------------------------------------------------------
[ 2018-12-22T15:20:37+08:00 ] 127.0.0.1 GET www.tp.com/index.php/index/register/vue
[运行时间：0.033826s] [吞吐率：29.56req/s] [内存消耗：2,205.34kb] [文件加载：40]
[ info ] [ LANG ] F:\four\wamp64\www\tp5\thinkphp\lang\zh-cn.php
[ info ] [ ROUTE ] array (
  'type' => 'module',
  'module' => 
  array (
    0 => 'index',
    1 => 'register',
    2 => 'vue',
  ),
)
[ info ] [ HEADER ] array (
  'host' => 'www.tp.com',
  'connection' => 'keep-alive',
  'cache-control' => 'max-age=0',
  'upgrade-insecure-requests' => '1',
  'user-agent' => 'Mozilla/5.0 (Windows NT 10.0; WOW64) AppleWebKit/537.36 (KHTML, like Gecko) Chrome/66.0.3359.181 Safari/537.36',
  'accept' => 'text/html,application/xhtml+xml,application/xml;q=0.9,image/webp,image/apng,*/*;q=0.8',
  'accept-encoding' => 'gzip, deflate',
  'accept-language' => 'zh-CN,zh;q=0.9',
  'cookie' => 'pgv_pvi=2604082176',
)
[ info ] [ PARAM ] array (
)
[ info ] [ RUN ] app\index\controller\register->vue[ F:\four\wamp64\www\tp5\application\index\controller\Register.php ]
[ info ] [ VIEW ] F:\four\wamp64\www\tp5\public/../application/index\view\register\vue.html [ array (
) ]
[ info ] [ LOG ] INIT File
---------------------------------------------------------------
[ 2018-12-22T15:20:37+08:00 ] 127.0.0.1 GET www.tp.com/index.php/index/register/vue
[运行时间：0.045366s] [吞吐率：22.04req/s] [内存消耗：2,205.34kb] [文件加载：40]
[ info ] [ LANG ] F:\four\wamp64\www\tp5\thinkphp\lang\zh-cn.php
[ info ] [ ROUTE ] array (
  'type' => 'module',
  'module' => 
  array (
    0 => 'index',
    1 => 'register',
    2 => 'vue',
  ),
)
[ info ] [ HEADER ] array (
  'host' => 'www.tp.com',
  'connection' => 'keep-alive',
  'cache-control' => 'max-age=0',
  'upgrade-insecure-requests' => '1',
  'user-agent' => 'Mozilla/5.0 (Windows NT 10.0; WOW64) AppleWebKit/537.36 (KHTML, like Gecko) Chrome/66.0.3359.181 Safari/537.36',
  'accept' => 'text/html,application/xhtml+xml,application/xml;q=0.9,image/webp,image/apng,*/*;q=0.8',
  'accept-encoding' => 'gzip, deflate',
  'accept-language' => 'zh-CN,zh;q=0.9',
  'cookie' => 'pgv_pvi=2604082176',
)
[ info ] [ PARAM ] array (
)
[ info ] [ RUN ] app\index\controller\register->vue[ F:\four\wamp64\www\tp5\application\index\controller\Register.php ]
[ info ] [ VIEW ] F:\four\wamp64\www\tp5\public/../application/index\view\register\vue.html [ array (
) ]
[ info ] [ LOG ] INIT File
---------------------------------------------------------------
[ 2018-12-22T15:20:37+08:00 ] 127.0.0.1 GET www.tp.com/index.php/index/register/vue
[运行时间：0.047028s] [吞吐率：21.26req/s] [内存消耗：2,205.34kb] [文件加载：40]
[ info ] [ LANG ] F:\four\wamp64\www\tp5\thinkphp\lang\zh-cn.php
[ info ] [ ROUTE ] array (
  'type' => 'module',
  'module' => 
  array (
    0 => 'index',
    1 => 'register',
    2 => 'vue',
  ),
)
[ info ] [ HEADER ] array (
  'host' => 'www.tp.com',
  'connection' => 'keep-alive',
  'cache-control' => 'max-age=0',
  'upgrade-insecure-requests' => '1',
  'user-agent' => 'Mozilla/5.0 (Windows NT 10.0; WOW64) AppleWebKit/537.36 (KHTML, like Gecko) Chrome/66.0.3359.181 Safari/537.36',
  'accept' => 'text/html,application/xhtml+xml,application/xml;q=0.9,image/webp,image/apng,*/*;q=0.8',
  'accept-encoding' => 'gzip, deflate',
  'accept-language' => 'zh-CN,zh;q=0.9',
  'cookie' => 'pgv_pvi=2604082176',
)
[ info ] [ PARAM ] array (
)
[ info ] [ RUN ] app\index\controller\register->vue[ F:\four\wamp64\www\tp5\application\index\controller\Register.php ]
[ info ] [ VIEW ] F:\four\wamp64\www\tp5\public/../application/index\view\register\vue.html [ array (
) ]
[ info ] [ LOG ] INIT File
---------------------------------------------------------------
[ 2018-12-22T15:20:37+08:00 ] 127.0.0.1 GET www.tp.com/index.php/index/register/vue
[运行时间：0.040716s] [吞吐率：24.56req/s] [内存消耗：2,205.34kb] [文件加载：40]
[ info ] [ LANG ] F:\four\wamp64\www\tp5\thinkphp\lang\zh-cn.php
[ info ] [ ROUTE ] array (
  'type' => 'module',
  'module' => 
  array (
    0 => 'index',
    1 => 'register',
    2 => 'vue',
  ),
)
[ info ] [ HEADER ] array (
  'host' => 'www.tp.com',
  'connection' => 'keep-alive',
  'cache-control' => 'max-age=0',
  'upgrade-insecure-requests' => '1',
  'user-agent' => 'Mozilla/5.0 (Windows NT 10.0; WOW64) AppleWebKit/537.36 (KHTML, like Gecko) Chrome/66.0.3359.181 Safari/537.36',
  'accept' => 'text/html,application/xhtml+xml,application/xml;q=0.9,image/webp,image/apng,*/*;q=0.8',
  'accept-encoding' => 'gzip, deflate',
  'accept-language' => 'zh-CN,zh;q=0.9',
  'cookie' => 'pgv_pvi=2604082176',
)
[ info ] [ PARAM ] array (
)
[ info ] [ RUN ] app\index\controller\register->vue[ F:\four\wamp64\www\tp5\application\index\controller\Register.php ]
[ info ] [ VIEW ] F:\four\wamp64\www\tp5\public/../application/index\view\register\vue.html [ array (
) ]
[ info ] [ LOG ] INIT File
---------------------------------------------------------------
[ 2018-12-22T15:38:25+08:00 ] 127.0.0.1 GET www.tp.com/index.php/index/register/vue
[运行时间：0.054182s] [吞吐率：18.46req/s] [内存消耗：2,426.00kb] [文件加载：42]
[ info ] [ LANG ] F:\four\wamp64\www\tp5\thinkphp\lang\zh-cn.php
[ info ] [ ROUTE ] array (
  'type' => 'module',
  'module' => 
  array (
    0 => 'index',
    1 => 'register',
    2 => 'vue',
  ),
)
[ info ] [ HEADER ] array (
  'host' => 'www.tp.com',
  'connection' => 'keep-alive',
  'cache-control' => 'max-age=0',
  'upgrade-insecure-requests' => '1',
  'user-agent' => 'Mozilla/5.0 (Windows NT 10.0; WOW64) AppleWebKit/537.36 (KHTML, like Gecko) Chrome/66.0.3359.181 Safari/537.36',
  'accept' => 'text/html,application/xhtml+xml,application/xml;q=0.9,image/webp,image/apng,*/*;q=0.8',
  'accept-encoding' => 'gzip, deflate',
  'accept-language' => 'zh-CN,zh;q=0.9',
  'cookie' => 'pgv_pvi=2604082176',
)
[ info ] [ PARAM ] array (
)
[ info ] [ RUN ] app\index\controller\register->vue[ F:\four\wamp64\www\tp5\application\index\controller\Register.php ]
[ info ] [ VIEW ] F:\four\wamp64\www\tp5\public/../application/index\view\register\vue.html [ array (
) ]
[ info ] [ LOG ] INIT File
---------------------------------------------------------------
[ 2018-12-22T16:02:30+08:00 ] 127.0.0.1 GET www.tp.com/index.php/index/register/vue
[运行时间：0.144409s] [吞吐率：6.92req/s] [内存消耗：2,434.00kb] [文件加载：42]
[ info ] [ LANG ] F:\four\wamp64\www\tp5\thinkphp\lang\zh-cn.php
[ info ] [ ROUTE ] array (
  'type' => 'module',
  'module' => 
  array (
    0 => 'index',
    1 => 'register',
    2 => 'vue',
  ),
)
[ info ] [ HEADER ] array (
  'host' => 'www.tp.com',
  'connection' => 'keep-alive',
  'cache-control' => 'max-age=0',
  'upgrade-insecure-requests' => '1',
  'user-agent' => 'Mozilla/5.0 (Windows NT 10.0; WOW64) AppleWebKit/537.36 (KHTML, like Gecko) Chrome/66.0.3359.181 Safari/537.36',
  'accept' => 'text/html,application/xhtml+xml,application/xml;q=0.9,image/webp,image/apng,*/*;q=0.8',
  'accept-encoding' => 'gzip, deflate',
  'accept-language' => 'zh-CN,zh;q=0.9',
  'cookie' => 'pgv_pvi=2604082176',
)
[ info ] [ PARAM ] array (
)
[ info ] [ RUN ] app\index\controller\register->vue[ F:\four\wamp64\www\tp5\application\index\controller\Register.php ]
[ info ] [ VIEW ] F:\four\wamp64\www\tp5\public/../application/index\view\register\vue.html [ array (
) ]
[ info ] [ LOG ] INIT File
---------------------------------------------------------------
[ 2018-12-22T16:04:01+08:00 ] 127.0.0.1 GET www.tp.com/index.php/index/register/vue
[运行时间：0.062825s] [吞吐率：15.92req/s] [内存消耗：2,434.00kb] [文件加载：42]
[ info ] [ LANG ] F:\four\wamp64\www\tp5\thinkphp\lang\zh-cn.php
[ info ] [ ROUTE ] array (
  'type' => 'module',
  'module' => 
  array (
    0 => 'index',
    1 => 'register',
    2 => 'vue',
  ),
)
[ info ] [ HEADER ] array (
  'host' => 'www.tp.com',
  'connection' => 'keep-alive',
  'cache-control' => 'max-age=0',
  'upgrade-insecure-requests' => '1',
  'user-agent' => 'Mozilla/5.0 (Windows NT 10.0; WOW64) AppleWebKit/537.36 (KHTML, like Gecko) Chrome/66.0.3359.181 Safari/537.36',
  'accept' => 'text/html,application/xhtml+xml,application/xml;q=0.9,image/webp,image/apng,*/*;q=0.8',
  'accept-encoding' => 'gzip, deflate',
  'accept-language' => 'zh-CN,zh;q=0.9',
  'cookie' => 'pgv_pvi=2604082176',
)
[ info ] [ PARAM ] array (
)
[ info ] [ RUN ] app\index\controller\register->vue[ F:\four\wamp64\www\tp5\application\index\controller\Register.php ]
[ info ] [ VIEW ] F:\four\wamp64\www\tp5\public/../application/index\view\register\vue.html [ array (
) ]
[ info ] [ LOG ] INIT File
