---------------------------------------------------------------
[ 2018-12-23T18:37:38+08:00 ] 127.0.0.1 GET www.tp.com/index.php/index/register/vue
[运行时间：4.165744s] [吞吐率：0.24req/s] [内存消耗：2,204.44kb] [文件加载：40]
[ info ] [ LANG ] F:\four\wamp64\www\tp5\thinkphp\lang\zh-cn.php
[ info ] [ ROUTE ] array (
  'type' => 'module',
  'module' => 
  array (
    0 => 'index',
    1 => 'register',
    2 => 'vue',
  ),
)
[ info ] [ HEADER ] array (
  'host' => 'www.tp.com',
  'connection' => 'keep-alive',
  'upgrade-insecure-requests' => '1',
  'user-agent' => 'Mozilla/5.0 (Windows NT 10.0; WOW64) AppleWebKit/537.36 (KHTML, like Gecko) Chrome/66.0.3359.181 Safari/537.36',
  'accept' => 'text/html,application/xhtml+xml,application/xml;q=0.9,image/webp,image/apng,*/*;q=0.8',
  'accept-encoding' => 'gzip, deflate',
  'accept-language' => 'zh-CN,zh;q=0.9',
  'cookie' => 'pgv_pvi=2604082176',
)
[ info ] [ PARAM ] array (
)
[ info ] [ RUN ] app\index\controller\register->vue[ F:\four\wamp64\www\tp5\application\index\controller\Register.php ]
[ info ] [ VIEW ] F:\four\wamp64\www\tp5\public/../application/index\view\register\vue.html [ array (
) ]
[ info ] [ LOG ] INIT File
